2015-02-11 07:29:46 Error: [MissingDatasourceConfigException] The datasource configuration "default" was not found in database.php
Exception Attributes: array (
  'config' => 'default',
)
Request URL: /findem/users/add
Stack Trace:
#0 /datos/local/vesprada/lampstack-5.4.32-0/apache2/htdocs/findem/lib/Cake/Model/ConnectionManager.php(91): ConnectionManager::_getConnectionObject('default')
#1 /datos/local/vesprada/lampstack-5.4.32-0/apache2/htdocs/findem/lib/Cake/Model/Model.php(3613): ConnectionManager::getDataSource('default')
#2 /datos/local/vesprada/lampstack-5.4.32-0/apache2/htdocs/findem/lib/Cake/Model/Model.php(1155): Model->setDataSource('default')
#3 /datos/local/vesprada/lampstack-5.4.32-0/apache2/htdocs/findem/lib/Cake/Model/Model.php(3640): Model->setSource('users')
#4 /datos/local/vesprada/lampstack-5.4.32-0/apache2/htdocs/findem/lib/Cake/Model/Model.php(1387): Model->getDataSource()
#5 /datos/local/vesprada/lampstack-5.4.32-0/apache2/htdocs/findem/lib/Cake/View/Helper/FormHelper.php(215): Model->schema()
#6 /datos/local/vesprada/lampstack-5.4.32-0/apache2/htdocs/findem/lib/Cake/View/Helper/FormHelper.php(468): FormHelper->_introspectModel('User', 'fields')
#7 /datos/local/vesprada/lampstack-5.4.32-0/apache2/htdocs/findem/app/View/Users/add.ctp(3): FormHelper->create('User')
#8 /datos/local/vesprada/lampstack-5.4.32-0/apache2/htdocs/findem/lib/Cake/View/View.php(961): include('/datos/local/ve...')
#9 /datos/local/vesprada/lampstack-5.4.32-0/apache2/htdocs/findem/lib/Cake/View/View.php(923): View->_evaluate('/datos/local/ve...', Array)
#10 /datos/local/vesprada/lampstack-5.4.32-0/apache2/htdocs/findem/lib/Cake/View/View.php(473): View->_render('/datos/local/ve...')
#11 /datos/local/vesprada/lampstack-5.4.32-0/apache2/htdocs/findem/lib/Cake/Controller/Controller.php(959): View->render(NULL, NULL)
#12 /datos/local/vesprada/lampstack-5.4.32-0/apache2/htdocs/findem/lib/Cake/Routing/Dispatcher.php(200): Controller->render()
#13 /datos/local/vesprada/lampstack-5.4.32-0/apache2/htdocs/findem/lib/Cake/Routing/Dispatcher.php(167): Dispatcher->_invoke(Object(UsersController), Object(CakeRequest))
#14 /datos/local/vesprada/lampstack-5.4.32-0/apache2/htdocs/findem/app/webroot/index.php(118): Dispatcher->dispatch(Object(CakeRequest), Object(CakeResponse))
#15 {main}
2015-02-11 08:09:11 Error: [NotFoundException] Invalid user
Request URL: /findem/users/view/img/findemw.png
Stack Trace:
#0 [internal function]: UsersController->view('img', 'findemw.png')
#1 /datos/local/vesprada/lampstack-5.4.32-0/apache2/htdocs/findem/lib/Cake/Controller/Controller.php(490): ReflectionMethod->invokeArgs(Object(UsersController), Array)
#2 /datos/local/vesprada/lampstack-5.4.32-0/apache2/htdocs/findem/lib/Cake/Routing/Dispatcher.php(193): Controller->invokeAction(Object(CakeRequest))
#3 /datos/local/vesprada/lampstack-5.4.32-0/apache2/htdocs/findem/lib/Cake/Routing/Dispatcher.php(167): Dispatcher->_invoke(Object(UsersController), Object(CakeRequest))
#4 /datos/local/vesprada/lampstack-5.4.32-0/apache2/htdocs/findem/app/webroot/index.php(118): Dispatcher->dispatch(Object(CakeRequest), Object(CakeResponse))
#5 {main}
2015-02-11 08:09:11 Error: [NotFoundException] Invalid user
Request URL: /findem/users/view/img/placeholder-user.jpg
Stack Trace:
#0 [internal function]: UsersController->view('img', 'placeholder-use...')
#1 /datos/local/vesprada/lampstack-5.4.32-0/apache2/htdocs/findem/lib/Cake/Controller/Controller.php(490): ReflectionMethod->invokeArgs(Object(UsersController), Array)
#2 /datos/local/vesprada/lampstack-5.4.32-0/apache2/htdocs/findem/lib/Cake/Routing/Dispatcher.php(193): Controller->invokeAction(Object(CakeRequest))
#3 /datos/local/vesprada/lampstack-5.4.32-0/apache2/htdocs/findem/lib/Cake/Routing/Dispatcher.php(167): Dispatcher->_invoke(Object(UsersController), Object(CakeRequest))
#4 /datos/local/vesprada/lampstack-5.4.32-0/apache2/htdocs/findem/app/webroot/index.php(118): Dispatcher->dispatch(Object(CakeRequest), Object(CakeResponse))
#5 {main}
2015-02-11 08:09:11 Error: [NotFoundException] Invalid user
Request URL: /findem/users/view/img/findemw.png
Stack Trace:
#0 [internal function]: UsersController->view('img', 'findemw.png')
#1 /datos/local/vesprada/lampstack-5.4.32-0/apache2/htdocs/findem/lib/Cake/Controller/Controller.php(490): ReflectionMethod->invokeArgs(Object(UsersController), Array)
#2 /datos/local/vesprada/lampstack-5.4.32-0/apache2/htdocs/findem/lib/Cake/Routing/Dispatcher.php(193): Controller->invokeAction(Object(CakeRequest))
#3 /datos/local/vesprada/lampstack-5.4.32-0/apache2/htdocs/findem/lib/Cake/Routing/Dispatcher.php(167): Dispatcher->_invoke(Object(UsersController), Object(CakeRequest))
#4 /datos/local/vesprada/lampstack-5.4.32-0/apache2/htdocs/findem/app/webroot/index.php(118): Dispatcher->dispatch(Object(CakeRequest), Object(CakeResponse))
#5 {main}
2015-02-11 08:09:11 Error: [NotFoundException] Invalid user
Request URL: /findem/users/view/img/placeholder-user.jpg
Stack Trace:
#0 [internal function]: UsersController->view('img', 'placeholder-use...')
#1 /datos/local/vesprada/lampstack-5.4.32-0/apache2/htdocs/findem/lib/Cake/Controller/Controller.php(490): ReflectionMethod->invokeArgs(Object(UsersController), Array)
#2 /datos/local/vesprada/lampstack-5.4.32-0/apache2/htdocs/findem/lib/Cake/Routing/Dispatcher.php(193): Controller->invokeAction(Object(CakeRequest))
#3 /datos/local/vesprada/lampstack-5.4.32-0/apache2/htdocs/findem/lib/Cake/Routing/Dispatcher.php(167): Dispatcher->_invoke(Object(UsersController), Object(CakeRequest))
#4 /datos/local/vesprada/lampstack-5.4.32-0/apache2/htdocs/findem/app/webroot/index.php(118): Dispatcher->dispatch(Object(CakeRequest), Object(CakeResponse))
#5 {main}
2015-02-11 08:12:16 Error: [NotFoundException] Invalid user
Request URL: /findem/users/view/img/findemw.png
Stack Trace:
#0 [internal function]: UsersController->view('img', 'findemw.png')
#1 /datos/local/vesprada/lampstack-5.4.32-0/apache2/htdocs/findem/lib/Cake/Controller/Controller.php(490): ReflectionMethod->invokeArgs(Object(UsersController), Array)
#2 /datos/local/vesprada/lampstack-5.4.32-0/apache2/htdocs/findem/lib/Cake/Routing/Dispatcher.php(193): Controller->invokeAction(Object(CakeRequest))
#3 /datos/local/vesprada/lampstack-5.4.32-0/apache2/htdocs/findem/lib/Cake/Routing/Dispatcher.php(167): Dispatcher->_invoke(Object(UsersController), Object(CakeRequest))
#4 /datos/local/vesprada/lampstack-5.4.32-0/apache2/htdocs/findem/app/webroot/index.php(118): Dispatcher->dispatch(Object(CakeRequest), Object(CakeResponse))
#5 {main}
2015-02-11 08:12:16 Error: [NotFoundException] Invalid user
Request URL: /findem/users/view/img/placeholder-user.jpg
Stack Trace:
#0 [internal function]: UsersController->view('img', 'placeholder-use...')
#1 /datos/local/vesprada/lampstack-5.4.32-0/apache2/htdocs/findem/lib/Cake/Controller/Controller.php(490): ReflectionMethod->invokeArgs(Object(UsersController), Array)
#2 /datos/local/vesprada/lampstack-5.4.32-0/apache2/htdocs/findem/lib/Cake/Routing/Dispatcher.php(193): Controller->invokeAction(Object(CakeRequest))
#3 /datos/local/vesprada/lampstack-5.4.32-0/apache2/htdocs/findem/lib/Cake/Routing/Dispatcher.php(167): Dispatcher->_invoke(Object(UsersController), Object(CakeRequest))
#4 /datos/local/vesprada/lampstack-5.4.32-0/apache2/htdocs/findem/app/webroot/index.php(118): Dispatcher->dispatch(Object(CakeRequest), Object(CakeResponse))
#5 {main}
2015-02-11 08:12:43 Error: [NotFoundException] Invalid user
Request URL: /findem/users/view/img/findemw.png
Stack Trace:
#0 [internal function]: UsersController->view('img', 'findemw.png')
#1 /datos/local/vesprada/lampstack-5.4.32-0/apache2/htdocs/findem/lib/Cake/Controller/Controller.php(490): ReflectionMethod->invokeArgs(Object(UsersController), Array)
#2 /datos/local/vesprada/lampstack-5.4.32-0/apache2/htdocs/findem/lib/Cake/Routing/Dispatcher.php(193): Controller->invokeAction(Object(CakeRequest))
#3 /datos/local/vesprada/lampstack-5.4.32-0/apache2/htdocs/findem/lib/Cake/Routing/Dispatcher.php(167): Dispatcher->_invoke(Object(UsersController), Object(CakeRequest))
#4 /datos/local/vesprada/lampstack-5.4.32-0/apache2/htdocs/findem/app/webroot/index.php(118): Dispatcher->dispatch(Object(CakeRequest), Object(CakeResponse))
#5 {main}
2015-02-11 08:12:43 Error: [NotFoundException] Invalid user
Request URL: /findem/users/view/img/placeholder-user.jpg
Stack Trace:
#0 [internal function]: UsersController->view('img', 'placeholder-use...')
#1 /datos/local/vesprada/lampstack-5.4.32-0/apache2/htdocs/findem/lib/Cake/Controller/Controller.php(490): ReflectionMethod->invokeArgs(Object(UsersController), Array)
#2 /datos/local/vesprada/lampstack-5.4.32-0/apache2/htdocs/findem/lib/Cake/Routing/Dispatcher.php(193): Controller->invokeAction(Object(CakeRequest))
#3 /datos/local/vesprada/lampstack-5.4.32-0/apache2/htdocs/findem/lib/Cake/Routing/Dispatcher.php(167): Dispatcher->_invoke(Object(UsersController), Object(CakeRequest))
#4 /datos/local/vesprada/lampstack-5.4.32-0/apache2/htdocs/findem/app/webroot/index.php(118): Dispatcher->dispatch(Object(CakeRequest), Object(CakeResponse))
#5 {main}
2015-02-11 08:14:30 Error: Fatal Error (4): syntax error, unexpected 'echo' (T_ECHO) in [/datos/local/vesprada/lampstack-5.4.32-0/apache2/htdocs/findem/app/View/Elements/header.ctp, line 3]
2015-02-11 08:14:30 Error: [FatalErrorException] syntax error, unexpected 'echo' (T_ECHO)
Request URL: /findem/users/view/54da5700-d720-4ae8-adb6-69584fb7e87d
Stack Trace:
#0 /datos/local/vesprada/lampstack-5.4.32-0/apache2/htdocs/findem/lib/Cake/Error/ErrorHandler.php(203): ErrorHandler::handleFatalError(4, 'syntax error, u...', '/datos/local/ve...', 3)
#1 [internal function]: ErrorHandler::handleError(4, 'syntax error, u...', '/datos/local/ve...', 3, Array)
#2 /datos/local/vesprada/lampstack-5.4.32-0/apache2/htdocs/findem/lib/Cake/Core/App.php(931): call_user_func('ErrorHandler::h...', 4, 'syntax error, u...', '/datos/local/ve...', 3, Array)
#3 /datos/local/vesprada/lampstack-5.4.32-0/apache2/htdocs/findem/lib/Cake/Core/App.php(904): App::_checkFatalError()
#4 [internal function]: App::shutdown()
#5 {main}
2015-02-11 08:14:49 Error: [NotFoundException] Invalid user
Request URL: /findem/users/view/img/placeholder-user.jpg
Stack Trace:
#0 [internal function]: UsersController->view('img', 'placeholder-use...')
#1 /datos/local/vesprada/lampstack-5.4.32-0/apache2/htdocs/findem/lib/Cake/Controller/Controller.php(490): ReflectionMethod->invokeArgs(Object(UsersController), Array)
#2 /datos/local/vesprada/lampstack-5.4.32-0/apache2/htdocs/findem/lib/Cake/Routing/Dispatcher.php(193): Controller->invokeAction(Object(CakeRequest))
#3 /datos/local/vesprada/lampstack-5.4.32-0/apache2/htdocs/findem/lib/Cake/Routing/Dispatcher.php(167): Dispatcher->_invoke(Object(UsersController), Object(CakeRequest))
#4 /datos/local/vesprada/lampstack-5.4.32-0/apache2/htdocs/findem/app/webroot/index.php(118): Dispatcher->dispatch(Object(CakeRequest), Object(CakeResponse))
#5 {main}
2015-02-11 08:14:49 Error: [NotFoundException] Invalid user
Request URL: /findem/users/view/img/placeholder-user.jpg
Stack Trace:
#0 [internal function]: UsersController->view('img', 'placeholder-use...')
#1 /datos/local/vesprada/lampstack-5.4.32-0/apache2/htdocs/findem/lib/Cake/Controller/Controller.php(490): ReflectionMethod->invokeArgs(Object(UsersController), Array)
#2 /datos/local/vesprada/lampstack-5.4.32-0/apache2/htdocs/findem/lib/Cake/Routing/Dispatcher.php(193): Controller->invokeAction(Object(CakeRequest))
#3 /datos/local/vesprada/lampstack-5.4.32-0/apache2/htdocs/findem/lib/Cake/Routing/Dispatcher.php(167): Dispatcher->_invoke(Object(UsersController), Object(CakeRequest))
#4 /datos/local/vesprada/lampstack-5.4.32-0/apache2/htdocs/findem/app/webroot/index.php(118): Dispatcher->dispatch(Object(CakeRequest), Object(CakeResponse))
#5 {main}
2015-02-11 08:16:27 Error: [NotFoundException] Invalid user
Request URL: /findem/users/view/img/placeholder-user.jpg
Stack Trace:
#0 [internal function]: UsersController->view('img', 'placeholder-use...')
#1 /datos/local/vesprada/lampstack-5.4.32-0/apache2/htdocs/findem/lib/Cake/Controller/Controller.php(490): ReflectionMethod->invokeArgs(Object(UsersController), Array)
#2 /datos/local/vesprada/lampstack-5.4.32-0/apache2/htdocs/findem/lib/Cake/Routing/Dispatcher.php(193): Controller->invokeAction(Object(CakeRequest))
#3 /datos/local/vesprada/lampstack-5.4.32-0/apache2/htdocs/findem/lib/Cake/Routing/Dispatcher.php(167): Dispatcher->_invoke(Object(UsersController), Object(CakeRequest))
#4 /datos/local/vesprada/lampstack-5.4.32-0/apache2/htdocs/findem/app/webroot/index.php(118): Dispatcher->dispatch(Object(CakeRequest), Object(CakeResponse))
#5 {main}
2015-02-11 08:16:41 Error: [NotFoundException] Invalid user
Request URL: /findem/users/view/img/placeholder-user.jpg
Stack Trace:
#0 [internal function]: UsersController->view('img', 'placeholder-use...')
#1 /datos/local/vesprada/lampstack-5.4.32-0/apache2/htdocs/findem/lib/Cake/Controller/Controller.php(490): ReflectionMethod->invokeArgs(Object(UsersController), Array)
#2 /datos/local/vesprada/lampstack-5.4.32-0/apache2/htdocs/findem/lib/Cake/Routing/Dispatcher.php(193): Controller->invokeAction(Object(CakeRequest))
#3 /datos/local/vesprada/lampstack-5.4.32-0/apache2/htdocs/findem/lib/Cake/Routing/Dispatcher.php(167): Dispatcher->_invoke(Object(UsersController), Object(CakeRequest))
#4 /datos/local/vesprada/lampstack-5.4.32-0/apache2/htdocs/findem/app/webroot/index.php(118): Dispatcher->dispatch(Object(CakeRequest), Object(CakeResponse))
#5 {main}
2015-02-11 08:17:26 Error: [NotFoundException] Invalid user
Request URL: /findem/users/view/img/placeholder-user.jpg
Stack Trace:
#0 [internal function]: UsersController->view('img', 'placeholder-use...')
#1 /datos/local/vesprada/lampstack-5.4.32-0/apache2/htdocs/findem/lib/Cake/Controller/Controller.php(490): ReflectionMethod->invokeArgs(Object(UsersController), Array)
#2 /datos/local/vesprada/lampstack-5.4.32-0/apache2/htdocs/findem/lib/Cake/Routing/Dispatcher.php(193): Controller->invokeAction(Object(CakeRequest))
#3 /datos/local/vesprada/lampstack-5.4.32-0/apache2/htdocs/findem/lib/Cake/Routing/Dispatcher.php(167): Dispatcher->_invoke(Object(UsersController), Object(CakeRequest))
#4 /datos/local/vesprada/lampstack-5.4.32-0/apache2/htdocs/findem/app/webroot/index.php(118): Dispatcher->dispatch(Object(CakeRequest), Object(CakeResponse))
#5 {main}
2015-02-11 08:17:30 Error: [NotFoundException] Invalid user
Request URL: /findem/users/view/img/placeholder-user.jpg
Stack Trace:
#0 [internal function]: UsersController->view('img', 'placeholder-use...')
#1 /datos/local/vesprada/lampstack-5.4.32-0/apache2/htdocs/findem/lib/Cake/Controller/Controller.php(490): ReflectionMethod->invokeArgs(Object(UsersController), Array)
#2 /datos/local/vesprada/lampstack-5.4.32-0/apache2/htdocs/findem/lib/Cake/Routing/Dispatcher.php(193): Controller->invokeAction(Object(CakeRequest))
#3 /datos/local/vesprada/lampstack-5.4.32-0/apache2/htdocs/findem/lib/Cake/Routing/Dispatcher.php(167): Dispatcher->_invoke(Object(UsersController), Object(CakeRequest))
#4 /datos/local/vesprada/lampstack-5.4.32-0/apache2/htdocs/findem/app/webroot/index.php(118): Dispatcher->dispatch(Object(CakeRequest), Object(CakeResponse))
#5 {main}
2015-02-11 08:48:12 Error: [NotFoundException] Invalid user
Request URL: /findem/users/view/img/placeholder-user.jpg
Stack Trace:
#0 [internal function]: UsersController->view('img', 'placeholder-use...')
#1 /datos/local/vesprada/lampstack-5.4.32-0/apache2/htdocs/findem/lib/Cake/Controller/Controller.php(490): ReflectionMethod->invokeArgs(Object(UsersController), Array)
#2 /datos/local/vesprada/lampstack-5.4.32-0/apache2/htdocs/findem/lib/Cake/Routing/Dispatcher.php(193): Controller->invokeAction(Object(CakeRequest))
#3 /datos/local/vesprada/lampstack-5.4.32-0/apache2/htdocs/findem/lib/Cake/Routing/Dispatcher.php(167): Dispatcher->_invoke(Object(UsersController), Object(CakeRequest))
#4 /datos/local/vesprada/lampstack-5.4.32-0/apache2/htdocs/findem/app/webroot/index.php(118): Dispatcher->dispatch(Object(CakeRequest), Object(CakeResponse))
#5 {main}
2015-02-11 08:48:13 Error: [NotFoundException] Invalid user
Request URL: /findem/users/view/img/placeholder-user.jpg
Stack Trace:
#0 [internal function]: UsersController->view('img', 'placeholder-use...')
#1 /datos/local/vesprada/lampstack-5.4.32-0/apache2/htdocs/findem/lib/Cake/Controller/Controller.php(490): ReflectionMethod->invokeArgs(Object(UsersController), Array)
#2 /datos/local/vesprada/lampstack-5.4.32-0/apache2/htdocs/findem/lib/Cake/Routing/Dispatcher.php(193): Controller->invokeAction(Object(CakeRequest))
#3 /datos/local/vesprada/lampstack-5.4.32-0/apache2/htdocs/findem/lib/Cake/Routing/Dispatcher.php(167): Dispatcher->_invoke(Object(UsersController), Object(CakeRequest))
#4 /datos/local/vesprada/lampstack-5.4.32-0/apache2/htdocs/findem/app/webroot/index.php(118): Dispatcher->dispatch(Object(CakeRequest), Object(CakeResponse))
#5 {main}
2015-02-11 08:48:14 Error: [NotFoundException] Invalid user
Request URL: /findem/users/view/img/placeholder-user.jpg
Stack Trace:
#0 [internal function]: UsersController->view('img', 'placeholder-use...')
#1 /datos/local/vesprada/lampstack-5.4.32-0/apache2/htdocs/findem/lib/Cake/Controller/Controller.php(490): ReflectionMethod->invokeArgs(Object(UsersController), Array)
#2 /datos/local/vesprada/lampstack-5.4.32-0/apache2/htdocs/findem/lib/Cake/Routing/Dispatcher.php(193): Controller->invokeAction(Object(CakeRequest))
#3 /datos/local/vesprada/lampstack-5.4.32-0/apache2/htdocs/findem/lib/Cake/Routing/Dispatcher.php(167): Dispatcher->_invoke(Object(UsersController), Object(CakeRequest))
#4 /datos/local/vesprada/lampstack-5.4.32-0/apache2/htdocs/findem/app/webroot/index.php(118): Dispatcher->dispatch(Object(CakeRequest), Object(CakeResponse))
#5 {main}
2015-02-11 08:56:39 Error: [NotFoundException] Invalid user
Request URL: /findem/users/view/img/placeholder-user.jpg
Stack Trace:
#0 [internal function]: UsersController->view('img', 'placeholder-use...')
#1 /datos/local/vesprada/lampstack-5.4.32-0/apache2/htdocs/findem/lib/Cake/Controller/Controller.php(490): ReflectionMethod->invokeArgs(Object(UsersController), Array)
#2 /datos/local/vesprada/lampstack-5.4.32-0/apache2/htdocs/findem/lib/Cake/Routing/Dispatcher.php(193): Controller->invokeAction(Object(CakeRequest))
#3 /datos/local/vesprada/lampstack-5.4.32-0/apache2/htdocs/findem/lib/Cake/Routing/Dispatcher.php(167): Dispatcher->_invoke(Object(UsersController), Object(CakeRequest))
#4 /datos/local/vesprada/lampstack-5.4.32-0/apache2/htdocs/findem/app/webroot/index.php(118): Dispatcher->dispatch(Object(CakeRequest), Object(CakeResponse))
#5 {main}
2015-02-11 08:56:39 Error: [NotFoundException] Invalid user
Request URL: /findem/users/view/img/placeholder-user.jpg
Stack Trace:
#0 [internal function]: UsersController->view('img', 'placeholder-use...')
#1 /datos/local/vesprada/lampstack-5.4.32-0/apache2/htdocs/findem/lib/Cake/Controller/Controller.php(490): ReflectionMethod->invokeArgs(Object(UsersController), Array)
#2 /datos/local/vesprada/lampstack-5.4.32-0/apache2/htdocs/findem/lib/Cake/Routing/Dispatcher.php(193): Controller->invokeAction(Object(CakeRequest))
#3 /datos/local/vesprada/lampstack-5.4.32-0/apache2/htdocs/findem/lib/Cake/Routing/Dispatcher.php(167): Dispatcher->_invoke(Object(UsersController), Object(CakeRequest))
#4 /datos/local/vesprada/lampstack-5.4.32-0/apache2/htdocs/findem/app/webroot/index.php(118): Dispatcher->dispatch(Object(CakeRequest), Object(CakeResponse))
#5 {main}
2015-02-11 08:56:43 Error: [NotFoundException] Invalid user
Request URL: /findem/users/view/img/placeholder-user.jpg
Stack Trace:
#0 [internal function]: UsersController->view('img', 'placeholder-use...')
#1 /datos/local/vesprada/lampstack-5.4.32-0/apache2/htdocs/findem/lib/Cake/Controller/Controller.php(490): ReflectionMethod->invokeArgs(Object(UsersController), Array)
#2 /datos/local/vesprada/lampstack-5.4.32-0/apache2/htdocs/findem/lib/Cake/Routing/Dispatcher.php(193): Controller->invokeAction(Object(CakeRequest))
#3 /datos/local/vesprada/lampstack-5.4.32-0/apache2/htdocs/findem/lib/Cake/Routing/Dispatcher.php(167): Dispatcher->_invoke(Object(UsersController), Object(CakeRequest))
#4 /datos/local/vesprada/lampstack-5.4.32-0/apache2/htdocs/findem/app/webroot/index.php(118): Dispatcher->dispatch(Object(CakeRequest), Object(CakeResponse))
#5 {main}
2015-02-11 08:57:41 Error: [NotFoundException] Invalid user
Request URL: /findem/users/view/img/placeholder-user.jpg
Stack Trace:
#0 [internal function]: UsersController->view('img', 'placeholder-use...')
#1 /datos/local/vesprada/lampstack-5.4.32-0/apache2/htdocs/findem/lib/Cake/Controller/Controller.php(490): ReflectionMethod->invokeArgs(Object(UsersController), Array)
#2 /datos/local/vesprada/lampstack-5.4.32-0/apache2/htdocs/findem/lib/Cake/Routing/Dispatcher.php(193): Controller->invokeAction(Object(CakeRequest))
#3 /datos/local/vesprada/lampstack-5.4.32-0/apache2/htdocs/findem/lib/Cake/Routing/Dispatcher.php(167): Dispatcher->_invoke(Object(UsersController), Object(CakeRequest))
#4 /datos/local/vesprada/lampstack-5.4.32-0/apache2/htdocs/findem/app/webroot/index.php(118): Dispatcher->dispatch(Object(CakeRequest), Object(CakeResponse))
#5 {main}
2015-02-11 08:57:42 Error: [NotFoundException] Invalid user
Request URL: /findem/users/view/img/placeholder-user.jpg
Stack Trace:
#0 [internal function]: UsersController->view('img', 'placeholder-use...')
#1 /datos/local/vesprada/lampstack-5.4.32-0/apache2/htdocs/findem/lib/Cake/Controller/Controller.php(490): ReflectionMethod->invokeArgs(Object(UsersController), Array)
#2 /datos/local/vesprada/lampstack-5.4.32-0/apache2/htdocs/findem/lib/Cake/Routing/Dispatcher.php(193): Controller->invokeAction(Object(CakeRequest))
#3 /datos/local/vesprada/lampstack-5.4.32-0/apache2/htdocs/findem/lib/Cake/Routing/Dispatcher.php(167): Dispatcher->_invoke(Object(UsersController), Object(CakeRequest))
#4 /datos/local/vesprada/lampstack-5.4.32-0/apache2/htdocs/findem/app/webroot/index.php(118): Dispatcher->dispatch(Object(CakeRequest), Object(CakeResponse))
#5 {main}
2015-02-11 09:11:57 Error: [NotFoundException] Invalid user
Request URL: /findem/users/view/img/placeholder-user.jpg
Stack Trace:
#0 [internal function]: UsersController->view('img', 'placeholder-use...')
#1 /datos/local/vesprada/lampstack-5.4.32-0/apache2/htdocs/findem/lib/Cake/Controller/Controller.php(490): ReflectionMethod->invokeArgs(Object(UsersController), Array)
#2 /datos/local/vesprada/lampstack-5.4.32-0/apache2/htdocs/findem/lib/Cake/Routing/Dispatcher.php(193): Controller->invokeAction(Object(CakeRequest))
#3 /datos/local/vesprada/lampstack-5.4.32-0/apache2/htdocs/findem/lib/Cake/Routing/Dispatcher.php(167): Dispatcher->_invoke(Object(UsersController), Object(CakeRequest))
#4 /datos/local/vesprada/lampstack-5.4.32-0/apache2/htdocs/findem/app/webroot/index.php(118): Dispatcher->dispatch(Object(CakeRequest), Object(CakeResponse))
#5 {main}
2015-02-11 09:11:57 Error: [NotFoundException] Invalid user
Request URL: /findem/users/view/img/placeholder-user.jpg
Stack Trace:
#0 [internal function]: UsersController->view('img', 'placeholder-use...')
#1 /datos/local/vesprada/lampstack-5.4.32-0/apache2/htdocs/findem/lib/Cake/Controller/Controller.php(490): ReflectionMethod->invokeArgs(Object(UsersController), Array)
#2 /datos/local/vesprada/lampstack-5.4.32-0/apache2/htdocs/findem/lib/Cake/Routing/Dispatcher.php(193): Controller->invokeAction(Object(CakeRequest))
#3 /datos/local/vesprada/lampstack-5.4.32-0/apache2/htdocs/findem/lib/Cake/Routing/Dispatcher.php(167): Dispatcher->_invoke(Object(UsersController), Object(CakeRequest))
#4 /datos/local/vesprada/lampstack-5.4.32-0/apache2/htdocs/findem/app/webroot/index.php(118): Dispatcher->dispatch(Object(CakeRequest), Object(CakeResponse))
#5 {main}
2015-02-11 09:12:02 Error: [NotFoundException] Invalid user
Request URL: /findem/users/view/img/placeholder-user.jpg
Stack Trace:
#0 [internal function]: UsersController->view('img', 'placeholder-use...')
#1 /datos/local/vesprada/lampstack-5.4.32-0/apache2/htdocs/findem/lib/Cake/Controller/Controller.php(490): ReflectionMethod->invokeArgs(Object(UsersController), Array)
#2 /datos/local/vesprada/lampstack-5.4.32-0/apache2/htdocs/findem/lib/Cake/Routing/Dispatcher.php(193): Controller->invokeAction(Object(CakeRequest))
#3 /datos/local/vesprada/lampstack-5.4.32-0/apache2/htdocs/findem/lib/Cake/Routing/Dispatcher.php(167): Dispatcher->_invoke(Object(UsersController), Object(CakeRequest))
#4 /datos/local/vesprada/lampstack-5.4.32-0/apache2/htdocs/findem/app/webroot/index.php(118): Dispatcher->dispatch(Object(CakeRequest), Object(CakeResponse))
#5 {main}
